c:\users\user\documents\butterfly\2ddirects\mydemogame\mydemogame\x64\debug\vc143.pdb
c:\users\user\documents\butterfly\2ddirects\mydemogame\mydemogame\x64\debug\vc143.idb
c:\users\user\documents\butterfly\2ddirects\mydemogame\mydemogame\x64\debug\winmain.obj
c:\users\user\documents\butterfly\2ddirects\mydemogame\mydemogame\x64\debug\mydemogame.obj
c:\users\user\documents\butterfly\2ddirects\mydemogame\x64\debug\mydemogame.exe
c:\users\user\documents\butterfly\2ddirects\mydemogame\x64\debug\mydemogame.pdb
c:\users\user\documents\butterfly\2ddirects\mydemogame\mydemogame\x64\debug\mydemogame.res
c:\users\user\documents\butterfly\2ddirects\mydemogame\mydemogame\x64\debug\mydemogame.ilk
c:\users\user\documents\butterfly\2ddirects\mydemogame\mydemogame\x64\debug\application.obj
c:\users\user\documents\butterfly\2ddirects\mydemogame\mydemogame\x64\debug\mydemogame.tlog\cl.command.1.tlog
c:\users\user\documents\butterfly\2ddirects\mydemogame\mydemogame\x64\debug\mydemogame.tlog\cl.items.tlog
c:\users\user\documents\butterfly\2ddirects\mydemogame\mydemogame\x64\debug\mydemogame.tlog\cl.read.1.tlog
c:\users\user\documents\butterfly\2ddirects\mydemogame\mydemogame\x64\debug\mydemogame.tlog\cl.write.1.tlog
c:\users\user\documents\butterfly\2ddirects\mydemogame\mydemogame\x64\debug\mydemogame.tlog\link.command.1.tlog
c:\users\user\documents\butterfly\2ddirects\mydemogame\mydemogame\x64\debug\mydemogame.tlog\link.read.1.tlog
c:\users\user\documents\butterfly\2ddirects\mydemogame\mydemogame\x64\debug\mydemogame.tlog\link.secondary.1.tlog
c:\users\user\documents\butterfly\2ddirects\mydemogame\mydemogame\x64\debug\mydemogame.tlog\link.write.1.tlog
c:\users\user\documents\butterfly\2ddirects\mydemogame\mydemogame\x64\debug\mydemogame.tlog\rc.command.1.tlog
c:\users\user\documents\butterfly\2ddirects\mydemogame\mydemogame\x64\debug\mydemogame.tlog\rc.read.1.tlog
c:\users\user\documents\butterfly\2ddirects\mydemogame\mydemogame\x64\debug\mydemogame.tlog\rc.write.1.tlog
