c:\users\user\documents\github\2ddirects\mydemogame\2dengine\x64\debug\2dengine.pch
c:\users\user\documents\github\2ddirects\mydemogame\x64\debug\2dengine.pdb
c:\users\user\documents\github\2ddirects\mydemogame\x64\debug\2dengine.idb
c:\users\user\documents\github\2ddirects\mydemogame\2dengine\x64\debug\pch.obj
c:\users\user\documents\github\2ddirects\mydemogame\2dengine\x64\debug\2dengine.obj
c:\users\user\documents\github\2ddirects\mydemogame\2dengine\x64\debug\rendermanager.obj
c:\users\user\documents\butterfly\2ddirects\mydemogame\2dengine\x64\debug\2dengine.pch
c:\users\user\documents\butterfly\2ddirects\mydemogame\x64\debug\2dengine.pdb
c:\users\user\documents\butterfly\2ddirects\mydemogame\x64\debug\2dengine.idb
c:\users\user\documents\butterfly\2ddirects\mydemogame\2dengine\x64\debug\pch.obj
c:\users\user\documents\butterfly\2ddirects\mydemogame\2dengine\x64\debug\2dengine.obj
c:\users\user\documents\github\2ddirects\mydemogame\x64\debug\2dengine.lib
c:\users\user\documents\butterfly\2ddirects\mydemogame\x64\debug\2dengine.lib
c:\users\user\documents\butterfly\2ddirects\mydemogame\2dengine\x64\debug\2dengine.tlog\cl.command.1.tlog
c:\users\user\documents\butterfly\2ddirects\mydemogame\2dengine\x64\debug\2dengine.tlog\cl.items.tlog
c:\users\user\documents\butterfly\2ddirects\mydemogame\2dengine\x64\debug\2dengine.tlog\cl.read.1.tlog
c:\users\user\documents\butterfly\2ddirects\mydemogame\2dengine\x64\debug\2dengine.tlog\cl.write.1.tlog
c:\users\user\documents\butterfly\2ddirects\mydemogame\2dengine\x64\debug\2dengine.tlog\lib-link.read.1.tlog
c:\users\user\documents\butterfly\2ddirects\mydemogame\2dengine\x64\debug\2dengine.tlog\lib-link.write.1.tlog
c:\users\user\documents\butterfly\2ddirects\mydemogame\2dengine\x64\debug\2dengine.tlog\lib.command.1.tlog
