<<<<<<< HEAD
﻿  RenderManager.cpp
<<<<<<< HEAD
C:\Users\User\Documents\Butterfly\2DDIRECTS\MyDemoGame\MyDemoGame\MyDemoGame.h(14,17): error C2143: 구문 오류: ';'이(가) '*' 앞에 없습니다.
  (소스 파일 '/RenderManager.cpp'을(를) 컴파일하는 중)
  
C:\Users\User\Documents\Butterfly\2DDIRECTS\MyDemoGame\MyDemoGame\MyDemoGame.h(14,4): error C4430: 형식 지정자가 없습니다. int로 가정합니다. 참고: C++에서는 기본 int를 지원하지 않습니다.
  (소스 파일 '/RenderManager.cpp'을(를) 컴파일하는 중)
  
C:\Users\User\Documents\Butterfly\2DDIRECTS\MyDemoGame\MyDemoGame\MyDemoGame.h(14,28): error C2238: ';' 앞에 예기치 않은 토큰이 있습니다.
  (소스 파일 '/RenderManager.cpp'을(를) 컴파일하는 중)
  
C:\Users\User\Documents\Butterfly\2DDIRECTS\MyDemoGame\MyDemoGame\MyDemoGame.h(17,20): error C2614: 'Application': 멤버 초기화가 잘못되었습니다. 'pRManager'이(가) 기본 또는 멤버가 아닙니다.
  (소스 파일 '/RenderManager.cpp'을(를) 컴파일하는 중)
  
C:\Users\User\Documents\Butterfly\2DDIRECTS\MyDemoGame\MyDemoGame\MyDemoGame.h(18,25): error C2065: 'pRManager': 선언되지 않은 식별자입니다.
  (소스 파일 '/RenderManager.cpp'을(를) 컴파일하는 중)
  
C:\Users\User\Documents\Butterfly\2DDIRECTS\MyDemoGame\MyDemoGame\MyDemoGame.h(18,43): error C2065: 'pRManager': 선언되지 않은 식별자입니다.
  (소스 파일 '/RenderManager.cpp'을(를) 컴파일하는 중)
  
C:\Users\User\Documents\Butterfly\2DDIRECTS\MyDemoGame\MyDemoGame\MyDemoGame.h(18,36): error C2541: 'delete': 포인터가 아닌 개체를 삭제할 수 없습니다.
  (소스 파일 '/RenderManager.cpp'을(를) 컴파일하는 중)
  
=======
﻿  pch.cpp
  2DEngine.cpp
  RenderManager.cpp
C:\Users\User\Documents\Butterfly\2DDIRECTS\MyDemoGame\2DEngine\RenderManager.cpp(91,1): error C1010: 미리 컴파일된 헤더를 찾는 동안 예기치 않은 파일의 끝이 나타났습니다. '#include "pch.h"'을(를) 소스에 추가하시겠습니까?
  코드를 생성하고 있습니다...
>>>>>>> parent of b9a4f36 (.)
=======
  2DEngine.vcxproj -> C:\Users\User\Documents\Butterfly\2DDIRECTS\MyDemoGame\x64\Debug\2DEngine.lib
>>>>>>> parent of 63fa460 (.)
